<?xml version="1.0" encoding="UTF-8"?>
<!-- Generated by org.testng.reporters.JUnitReportReporter -->
<testsuite skipped="0" hostname="Udani-PC" name="TestNgOne" tests="1" failures="0" timestamp="11 Nov 2018 04:39:00 GMT" time="0.020" errors="0">
  <testcase name="demo" time="0.020" classname="TestNgOne"/>
</testsuite> <!-- TestNgOne -->
